"2019-04-28 15:29:43,510-logger_msg.py-DEBUG-日志信息："%(asctime)s-%(filename)s-%(levelname)s-日志信息：%(message)s""
"2019-04-28 15:29:43,881-logger_msg.py-DEBUG-日志信息："%(asctime)s-%(filename)s-%(levelname)s-日志信息：%(message)s""
"2019-04-28 15:29:44,249-logger_msg.py-DEBUG-日志信息："%(asctime)s-%(filename)s-%(levelname)s-日志信息：%(message)s""
"2019-04-28 15:29:44,487-logger_msg.py-DEBUG-日志信息："%(asctime)s-%(filename)s-%(levelname)s-日志信息：%(message)s""
"2019-04-28 15:29:44,723-logger_msg.py-DEBUG-日志信息："%(asctime)s-%(filename)s-%(levelname)s-日志信息：%(message)s""
"2019-04-28 15:29:44,955-logger_msg.py-DEBUG-日志信息："%(asctime)s-%(filename)s-%(levelname)s-日志信息：%(message)s""
"2019-04-28 15:29:45,235-logger_msg.py-DEBUG-日志信息："%(asctime)s-%(filename)s-%(levelname)s-日志信息：%(message)s""
"2019-04-28 15:29:45,466-logger_msg.py-DEBUG-日志信息："%(asctime)s-%(filename)s-%(levelname)s-日志信息：%(message)s""
"2019-04-28 15:31:25,421-logger_msg.py-DEBUG-日志信息："%(asctime)s-%(filename)s-%(levelname)s-日志信息：%(message)s""
"2019-04-28 16:11:36,805-logger_msg.py-INFO-日志信息：qweqeeeee"
"2019-04-28 16:11:56,970-logger_msg.py-INFO-日志信息：qweqeeeee"
"2019-04-28 16:11:57,423-test_case.py-INFO-日志信息：data:{"mobilephone": "18668208223", "pwd": "123456"}"
"2019-04-28 16:11:57,423-test_case.py-INFO-日志信息：data:{"mobilephone": "18668208223", "pwd": "123456"}"
"2019-04-28 16:11:57,425-test_case.py-DEBUG-日志信息：------正在执行登录的测试用例------"
"2019-04-28 16:11:57,425-test_case.py-DEBUG-日志信息：------正在执行登录的测试用例------"
"2019-04-28 16:11:57,745-test_case.py-INFO-日志信息：预期结果是：登录成功"
"2019-04-28 16:11:57,745-test_case.py-INFO-日志信息：预期结果是：登录成功"
"2019-04-28 16:11:57,746-test_case.py-INFO-日志信息：实际结果是：登录成功"
"2019-04-28 16:11:57,746-test_case.py-INFO-日志信息：实际结果是：登录成功"
"2019-04-28 16:11:57,807-test_case.py-INFO-日志信息：用户ID：1610"
"2019-04-28 16:11:57,807-test_case.py-INFO-日志信息：用户ID：1610"
"2019-04-28 16:11:57,807-test_case.py-INFO-日志信息：memer_id是否存入进去了：True"
"2019-04-28 16:11:57,807-test_case.py-INFO-日志信息：memer_id是否存入进去了：True"
"2019-04-28 16:11:57,814-test_case.py-INFO-日志信息：data:{"mobilephone": "18668208223", "amount": "100"}"
"2019-04-28 16:11:57,814-test_case.py-INFO-日志信息：data:{"mobilephone": "18668208223", "amount": "100"}"
"2019-04-28 16:11:57,814-test_case.py-INFO-日志信息：data:{"mobilephone": "18668208223", "amount": "100"}"
"2019-04-28 16:11:57,815-test_case.py-DEBUG-日志信息：------正在执行正常充值的测试用例------"
"2019-04-28 16:11:57,815-test_case.py-DEBUG-日志信息：------正在执行正常充值的测试用例------"
"2019-04-28 16:11:57,815-test_case.py-DEBUG-日志信息：------正在执行正常充值的测试用例------"
"2019-04-28 16:11:57,877-test_case.py-DEBUG-日志信息：充值前的金额是：-24300.00"
"2019-04-28 16:11:57,877-test_case.py-DEBUG-日志信息：充值前的金额是：-24300.00"
"2019-04-28 16:11:57,877-test_case.py-DEBUG-日志信息：充值前的金额是：-24300.00"
"2019-04-28 16:11:58,149-test_case.py-INFO-日志信息：预期结果是：充值成功"
"2019-04-28 16:11:58,149-test_case.py-INFO-日志信息：预期结果是：充值成功"
"2019-04-28 16:11:58,149-test_case.py-INFO-日志信息：预期结果是：充值成功"
"2019-04-28 16:11:58,149-test_case.py-INFO-日志信息：实际结果是：充值成功"
"2019-04-28 16:11:58,149-test_case.py-INFO-日志信息：实际结果是：充值成功"
"2019-04-28 16:11:58,149-test_case.py-INFO-日志信息：实际结果是：充值成功"
"2019-04-28 16:11:58,210-test_case.py-DEBUG-日志信息：充值之后的金额是：-24200.00"
"2019-04-28 16:11:58,210-test_case.py-DEBUG-日志信息：充值之后的金额是：-24200.00"
"2019-04-28 16:11:58,210-test_case.py-DEBUG-日志信息：充值之后的金额是：-24200.00"
"2019-04-28 16:11:58,215-test_case.py-INFO-日志信息：data:{"mobilephone": "18668208115", "amount": "102"}"
"2019-04-28 16:11:58,215-test_case.py-INFO-日志信息：data:{"mobilephone": "18668208115", "amount": "102"}"
"2019-04-28 16:11:58,215-test_case.py-INFO-日志信息：data:{"mobilephone": "18668208115", "amount": "102"}"
"2019-04-28 16:11:58,215-test_case.py-INFO-日志信息：data:{"mobilephone": "18668208115", "amount": "102"}"
"2019-04-28 16:11:58,216-test_case.py-DEBUG-日志信息：------正在执行此手机号对应的会员不存在的测试用例------"
"2019-04-28 16:11:58,216-test_case.py-DEBUG-日志信息：------正在执行此手机号对应的会员不存在的测试用例------"
"2019-04-28 16:11:58,216-test_case.py-DEBUG-日志信息：------正在执行此手机号对应的会员不存在的测试用例------"
"2019-04-28 16:11:58,216-test_case.py-DEBUG-日志信息：------正在执行此手机号对应的会员不存在的测试用例------"
"2019-04-28 16:11:58,472-test_case.py-INFO-日志信息：预期结果是：此手机号对应的会员不存在"
"2019-04-28 16:11:58,472-test_case.py-INFO-日志信息：预期结果是：此手机号对应的会员不存在"
"2019-04-28 16:11:58,472-test_case.py-INFO-日志信息：预期结果是：此手机号对应的会员不存在"
"2019-04-28 16:11:58,472-test_case.py-INFO-日志信息：预期结果是：此手机号对应的会员不存在"
"2019-04-28 16:11:58,472-test_case.py-INFO-日志信息：实际结果是：此手机号对应的会员不存在"
"2019-04-28 16:11:58,472-test_case.py-INFO-日志信息：实际结果是：此手机号对应的会员不存在"
"2019-04-28 16:11:58,472-test_case.py-INFO-日志信息：实际结果是：此手机号对应的会员不存在"
"2019-04-28 16:11:58,472-test_case.py-INFO-日志信息：实际结果是：此手机号对应的会员不存在"
"2019-04-28 16:11:58,478-test_case.py-INFO-日志信息：data:{"mobilephone": "186682081154", "amount": "103"}"
"2019-04-28 16:11:58,478-test_case.py-INFO-日志信息：data:{"mobilephone": "186682081154", "amount": "103"}"
"2019-04-28 16:11:58,478-test_case.py-INFO-日志信息：data:{"mobilephone": "186682081154", "amount": "103"}"
"2019-04-28 16:11:58,478-test_case.py-INFO-日志信息：data:{"mobilephone": "186682081154", "amount": "103"}"
"2019-04-28 16:11:58,478-test_case.py-INFO-日志信息：data:{"mobilephone": "186682081154", "amount": "103"}"
"2019-04-28 16:11:58,479-test_case.py-DEBUG-日志信息：------正在执行手机格式不正确的测试用例------"
"2019-04-28 16:11:58,479-test_case.py-DEBUG-日志信息：------正在执行手机格式不正确的测试用例------"
"2019-04-28 16:11:58,479-test_case.py-DEBUG-日志信息：------正在执行手机格式不正确的测试用例------"
"2019-04-28 16:11:58,479-test_case.py-DEBUG-日志信息：------正在执行手机格式不正确的测试用例------"
"2019-04-28 16:11:58,479-test_case.py-DEBUG-日志信息：------正在执行手机格式不正确的测试用例------"
"2019-04-28 16:11:58,740-test_case.py-INFO-日志信息：预期结果是：手机号码格式不正确"
"2019-04-28 16:11:58,740-test_case.py-INFO-日志信息：预期结果是：手机号码格式不正确"
"2019-04-28 16:11:58,740-test_case.py-INFO-日志信息：预期结果是：手机号码格式不正确"
"2019-04-28 16:11:58,740-test_case.py-INFO-日志信息：预期结果是：手机号码格式不正确"
"2019-04-28 16:11:58,740-test_case.py-INFO-日志信息：预期结果是：手机号码格式不正确"
"2019-04-28 16:11:58,741-test_case.py-INFO-日志信息：实际结果是：手机号码格式不正确"
"2019-04-28 16:11:58,741-test_case.py-INFO-日志信息：实际结果是：手机号码格式不正确"
"2019-04-28 16:11:58,741-test_case.py-INFO-日志信息：实际结果是：手机号码格式不正确"
"2019-04-28 16:11:58,741-test_case.py-INFO-日志信息：实际结果是：手机号码格式不正确"
"2019-04-28 16:11:58,741-test_case.py-INFO-日志信息：实际结果是：手机号码格式不正确"
"2019-04-28 16:11:58,746-test_case.py-INFO-日志信息：data:{"mobilephone": "18668208223", "amount": "10.123"}"
"2019-04-28 16:11:58,746-test_case.py-INFO-日志信息：data:{"mobilephone": "18668208223", "amount": "10.123"}"
"2019-04-28 16:11:58,746-test_case.py-INFO-日志信息：data:{"mobilephone": "18668208223", "amount": "10.123"}"
"2019-04-28 16:11:58,746-test_case.py-INFO-日志信息：data:{"mobilephone": "18668208223", "amount": "10.123"}"
"2019-04-28 16:11:58,746-test_case.py-INFO-日志信息：data:{"mobilephone": "18668208223", "amount": "10.123"}"
"2019-04-28 16:11:58,746-test_case.py-INFO-日志信息：data:{"mobilephone": "18668208223", "amount": "10.123"}"
"2019-04-28 16:11:58,748-test_case.py-DEBUG-日志信息：------正在执行输入金额的金额小数不能超过两位的测试用例------"
"2019-04-28 16:11:58,748-test_case.py-DEBUG-日志信息：------正在执行输入金额的金额小数不能超过两位的测试用例------"
"2019-04-28 16:11:58,748-test_case.py-DEBUG-日志信息：------正在执行输入金额的金额小数不能超过两位的测试用例------"
"2019-04-28 16:11:58,748-test_case.py-DEBUG-日志信息：------正在执行输入金额的金额小数不能超过两位的测试用例------"
"2019-04-28 16:11:58,748-test_case.py-DEBUG-日志信息：------正在执行输入金额的金额小数不能超过两位的测试用例------"
"2019-04-28 16:11:58,748-test_case.py-DEBUG-日志信息：------正在执行输入金额的金额小数不能超过两位的测试用例------"
"2019-04-28 16:11:58,982-test_case.py-INFO-日志信息：预期结果是：输入金额的金额小数不能超过两位"
"2019-04-28 16:11:58,982-test_case.py-INFO-日志信息：预期结果是：输入金额的金额小数不能超过两位"
"2019-04-28 16:11:58,982-test_case.py-INFO-日志信息：预期结果是：输入金额的金额小数不能超过两位"
"2019-04-28 16:11:58,982-test_case.py-INFO-日志信息：预期结果是：输入金额的金额小数不能超过两位"
"2019-04-28 16:11:58,982-test_case.py-INFO-日志信息：预期结果是：输入金额的金额小数不能超过两位"
"2019-04-28 16:11:58,982-test_case.py-INFO-日志信息：预期结果是：输入金额的金额小数不能超过两位"
"2019-04-28 16:11:58,983-test_case.py-INFO-日志信息：实际结果是：输入金额的金额小数不能超过两位"
"2019-04-28 16:11:58,983-test_case.py-INFO-日志信息：实际结果是：输入金额的金额小数不能超过两位"
"2019-04-28 16:11:58,983-test_case.py-INFO-日志信息：实际结果是：输入金额的金额小数不能超过两位"
"2019-04-28 16:11:58,983-test_case.py-INFO-日志信息：实际结果是：输入金额的金额小数不能超过两位"
"2019-04-28 16:11:58,983-test_case.py-INFO-日志信息：实际结果是：输入金额的金额小数不能超过两位"
"2019-04-28 16:11:58,983-test_case.py-INFO-日志信息：实际结果是：输入金额的金额小数不能超过两位"
"2019-04-28 16:11:58,991-test_case.py-INFO-日志信息：data:{"mobilephone": "18668208223", "amount": "510000"}"
"2019-04-28 16:11:58,991-test_case.py-INFO-日志信息：data:{"mobilephone": "18668208223", "amount": "510000"}"
"2019-04-28 16:11:58,991-test_case.py-INFO-日志信息：data:{"mobilephone": "18668208223", "amount": "510000"}"
"2019-04-28 16:11:58,991-test_case.py-INFO-日志信息：data:{"mobilephone": "18668208223", "amount": "510000"}"
"2019-04-28 16:11:58,991-test_case.py-INFO-日志信息：data:{"mobilephone": "18668208223", "amount": "510000"}"
"2019-04-28 16:11:58,991-test_case.py-INFO-日志信息：data:{"mobilephone": "18668208223", "amount": "510000"}"
"2019-04-28 16:11:58,991-test_case.py-INFO-日志信息：data:{"mobilephone": "18668208223", "amount": "510000"}"
"2019-04-28 16:11:58,992-test_case.py-DEBUG-日志信息：------正在执行范围在0到50万之间的正数的测试用例------"
"2019-04-28 16:11:58,992-test_case.py-DEBUG-日志信息：------正在执行范围在0到50万之间的正数的测试用例------"
"2019-04-28 16:11:58,992-test_case.py-DEBUG-日志信息：------正在执行范围在0到50万之间的正数的测试用例------"
"2019-04-28 16:11:58,992-test_case.py-DEBUG-日志信息：------正在执行范围在0到50万之间的正数的测试用例------"
"2019-04-28 16:11:58,992-test_case.py-DEBUG-日志信息：------正在执行范围在0到50万之间的正数的测试用例------"
"2019-04-28 16:11:58,992-test_case.py-DEBUG-日志信息：------正在执行范围在0到50万之间的正数的测试用例------"
"2019-04-28 16:11:58,992-test_case.py-DEBUG-日志信息：------正在执行范围在0到50万之间的正数的测试用例------"
"2019-04-28 16:11:59,225-test_case.py-INFO-日志信息：预期结果是：请输入范围在0到50万之间的正数金额"
"2019-04-28 16:11:59,225-test_case.py-INFO-日志信息：预期结果是：请输入范围在0到50万之间的正数金额"
"2019-04-28 16:11:59,225-test_case.py-INFO-日志信息：预期结果是：请输入范围在0到50万之间的正数金额"
"2019-04-28 16:11:59,225-test_case.py-INFO-日志信息：预期结果是：请输入范围在0到50万之间的正数金额"
"2019-04-28 16:11:59,225-test_case.py-INFO-日志信息：预期结果是：请输入范围在0到50万之间的正数金额"
"2019-04-28 16:11:59,225-test_case.py-INFO-日志信息：预期结果是：请输入范围在0到50万之间的正数金额"
"2019-04-28 16:11:59,225-test_case.py-INFO-日志信息：预期结果是：请输入范围在0到50万之间的正数金额"
"2019-04-28 16:11:59,227-test_case.py-INFO-日志信息：实际结果是：请输入范围在0到50万之间的正数金额"
"2019-04-28 16:11:59,227-test_case.py-INFO-日志信息：实际结果是：请输入范围在0到50万之间的正数金额"
"2019-04-28 16:11:59,227-test_case.py-INFO-日志信息：实际结果是：请输入范围在0到50万之间的正数金额"
"2019-04-28 16:11:59,227-test_case.py-INFO-日志信息：实际结果是：请输入范围在0到50万之间的正数金额"
"2019-04-28 16:11:59,227-test_case.py-INFO-日志信息：实际结果是：请输入范围在0到50万之间的正数金额"
"2019-04-28 16:11:59,227-test_case.py-INFO-日志信息：实际结果是：请输入范围在0到50万之间的正数金额"
"2019-04-28 16:11:59,227-test_case.py-INFO-日志信息：实际结果是：请输入范围在0到50万之间的正数金额"
"2019-04-28 16:11:59,235-test_case.py-INFO-日志信息：data:{"mobilephone": "18668208223", "amount": "!@#$%^&*"}"
"2019-04-28 16:11:59,235-test_case.py-INFO-日志信息：data:{"mobilephone": "18668208223", "amount": "!@#$%^&*"}"
"2019-04-28 16:11:59,235-test_case.py-INFO-日志信息：data:{"mobilephone": "18668208223", "amount": "!@#$%^&*"}"
"2019-04-28 16:11:59,235-test_case.py-INFO-日志信息：data:{"mobilephone": "18668208223", "amount": "!@#$%^&*"}"
"2019-04-28 16:11:59,235-test_case.py-INFO-日志信息：data:{"mobilephone": "18668208223", "amount": "!@#$%^&*"}"
"2019-04-28 16:11:59,235-test_case.py-INFO-日志信息：data:{"mobilephone": "18668208223", "amount": "!@#$%^&*"}"
"2019-04-28 16:11:59,235-test_case.py-INFO-日志信息：data:{"mobilephone": "18668208223", "amount": "!@#$%^&*"}"
"2019-04-28 16:11:59,235-test_case.py-INFO-日志信息：data:{"mobilephone": "18668208223", "amount": "!@#$%^&*"}"
"2019-04-28 16:11:59,237-test_case.py-DEBUG-日志信息：------正在执行输入无效字符的测试用例------"
"2019-04-28 16:11:59,237-test_case.py-DEBUG-日志信息：------正在执行输入无效字符的测试用例------"
"2019-04-28 16:11:59,237-test_case.py-DEBUG-日志信息：------正在执行输入无效字符的测试用例------"
"2019-04-28 16:11:59,237-test_case.py-DEBUG-日志信息：------正在执行输入无效字符的测试用例------"
"2019-04-28 16:11:59,237-test_case.py-DEBUG-日志信息：------正在执行输入无效字符的测试用例------"
"2019-04-28 16:11:59,237-test_case.py-DEBUG-日志信息：------正在执行输入无效字符的测试用例------"
"2019-04-28 16:11:59,237-test_case.py-DEBUG-日志信息：------正在执行输入无效字符的测试用例------"
"2019-04-28 16:11:59,237-test_case.py-DEBUG-日志信息：------正在执行输入无效字符的测试用例------"
"2019-04-28 16:11:59,466-test_case.py-INFO-日志信息：预期结果是：请输入数字"
"2019-04-28 16:11:59,466-test_case.py-INFO-日志信息：预期结果是：请输入数字"
"2019-04-28 16:11:59,466-test_case.py-INFO-日志信息：预期结果是：请输入数字"
"2019-04-28 16:11:59,466-test_case.py-INFO-日志信息：预期结果是：请输入数字"
"2019-04-28 16:11:59,466-test_case.py-INFO-日志信息：预期结果是：请输入数字"
"2019-04-28 16:11:59,466-test_case.py-INFO-日志信息：预期结果是：请输入数字"
"2019-04-28 16:11:59,466-test_case.py-INFO-日志信息：预期结果是：请输入数字"
"2019-04-28 16:11:59,466-test_case.py-INFO-日志信息：预期结果是：请输入数字"
"2019-04-28 16:11:59,468-test_case.py-INFO-日志信息：实际结果是：请输入数字"
"2019-04-28 16:11:59,468-test_case.py-INFO-日志信息：实际结果是：请输入数字"
"2019-04-28 16:11:59,468-test_case.py-INFO-日志信息：实际结果是：请输入数字"
"2019-04-28 16:11:59,468-test_case.py-INFO-日志信息：实际结果是：请输入数字"
"2019-04-28 16:11:59,468-test_case.py-INFO-日志信息：实际结果是：请输入数字"
"2019-04-28 16:11:59,468-test_case.py-INFO-日志信息：实际结果是：请输入数字"
"2019-04-28 16:11:59,468-test_case.py-INFO-日志信息：实际结果是：请输入数字"
"2019-04-28 16:11:59,468-test_case.py-INFO-日志信息：实际结果是：请输入数字"
"2019-04-28 16:11:59,475-test_case.py-INFO-日志信息：data:{"mobilephone": "18668208223", "amount": ""}"
"2019-04-28 16:11:59,475-test_case.py-INFO-日志信息：data:{"mobilephone": "18668208223", "amount": ""}"
"2019-04-28 16:11:59,475-test_case.py-INFO-日志信息：data:{"mobilephone": "18668208223", "amount": ""}"
"2019-04-28 16:11:59,475-test_case.py-INFO-日志信息：data:{"mobilephone": "18668208223", "amount": ""}"
"2019-04-28 16:11:59,475-test_case.py-INFO-日志信息：data:{"mobilephone": "18668208223", "amount": ""}"
"2019-04-28 16:11:59,475-test_case.py-INFO-日志信息：data:{"mobilephone": "18668208223", "amount": ""}"
"2019-04-28 16:11:59,475-test_case.py-INFO-日志信息：data:{"mobilephone": "18668208223", "amount": ""}"
"2019-04-28 16:11:59,475-test_case.py-INFO-日志信息：data:{"mobilephone": "18668208223", "amount": ""}"
"2019-04-28 16:11:59,475-test_case.py-INFO-日志信息：data:{"mobilephone": "18668208223", "amount": ""}"
"2019-04-28 16:11:59,478-test_case.py-DEBUG-日志信息：------正在执行请输入金额的测试用例------"
"2019-04-28 16:11:59,478-test_case.py-DEBUG-日志信息：------正在执行请输入金额的测试用例------"
"2019-04-28 16:11:59,478-test_case.py-DEBUG-日志信息：------正在执行请输入金额的测试用例------"
"2019-04-28 16:11:59,478-test_case.py-DEBUG-日志信息：------正在执行请输入金额的测试用例------"
"2019-04-28 16:11:59,478-test_case.py-DEBUG-日志信息：------正在执行请输入金额的测试用例------"
"2019-04-28 16:11:59,478-test_case.py-DEBUG-日志信息：------正在执行请输入金额的测试用例------"
"2019-04-28 16:11:59,478-test_case.py-DEBUG-日志信息：------正在执行请输入金额的测试用例------"
"2019-04-28 16:11:59,478-test_case.py-DEBUG-日志信息：------正在执行请输入金额的测试用例------"
"2019-04-28 16:11:59,478-test_case.py-DEBUG-日志信息：------正在执行请输入金额的测试用例------"
"2019-04-28 16:11:59,709-test_case.py-INFO-日志信息：预期结果是：请输入金额"
"2019-04-28 16:11:59,709-test_case.py-INFO-日志信息：预期结果是：请输入金额"
"2019-04-28 16:11:59,709-test_case.py-INFO-日志信息：预期结果是：请输入金额"
"2019-04-28 16:11:59,709-test_case.py-INFO-日志信息：预期结果是：请输入金额"
"2019-04-28 16:11:59,709-test_case.py-INFO-日志信息：预期结果是：请输入金额"
"2019-04-28 16:11:59,709-test_case.py-INFO-日志信息：预期结果是：请输入金额"
"2019-04-28 16:11:59,709-test_case.py-INFO-日志信息：预期结果是：请输入金额"
"2019-04-28 16:11:59,709-test_case.py-INFO-日志信息：预期结果是：请输入金额"
"2019-04-28 16:11:59,709-test_case.py-INFO-日志信息：预期结果是：请输入金额"
"2019-04-28 16:11:59,710-test_case.py-INFO-日志信息：实际结果是：请输入金额"
"2019-04-28 16:11:59,710-test_case.py-INFO-日志信息：实际结果是：请输入金额"
"2019-04-28 16:11:59,710-test_case.py-INFO-日志信息：实际结果是：请输入金额"
"2019-04-28 16:11:59,710-test_case.py-INFO-日志信息：实际结果是：请输入金额"
"2019-04-28 16:11:59,710-test_case.py-INFO-日志信息：实际结果是：请输入金额"
"2019-04-28 16:11:59,710-test_case.py-INFO-日志信息：实际结果是：请输入金额"
"2019-04-28 16:11:59,710-test_case.py-INFO-日志信息：实际结果是：请输入金额"
"2019-04-28 16:11:59,710-test_case.py-INFO-日志信息：实际结果是：请输入金额"
"2019-04-28 16:11:59,710-test_case.py-INFO-日志信息：实际结果是：请输入金额"
"2019-04-28 16:20:28,140-logger_msg.py-DEBUG-日志信息："%(asctime)s-%(filename)s-%(levelname)s-日志信息：%(message)s""
"2019-04-28 16:20:28,335-logger_msg.py-DEBUG-日志信息："%(asctime)s-%(filename)s-%(levelname)s-日志信息：%(message)s""
"2019-04-28 16:20:28,695-logger_msg.py-DEBUG-日志信息："%(asctime)s-%(filename)s-%(levelname)s-日志信息：%(message)s""
"2019-04-28 16:20:29,107-logger_msg.py-DEBUG-日志信息："%(asctime)s-%(filename)s-%(levelname)s-日志信息：%(message)s""
"2019-04-28 16:20:29,338-logger_msg.py-DEBUG-日志信息："%(asctime)s-%(filename)s-%(levelname)s-日志信息：%(message)s""
"2019-04-28 16:20:29,579-logger_msg.py-DEBUG-日志信息："%(asctime)s-%(filename)s-%(levelname)s-日志信息：%(message)s""
"2019-04-28 16:20:29,827-logger_msg.py-DEBUG-日志信息："%(asctime)s-%(filename)s-%(levelname)s-日志信息：%(message)s""
"2019-04-28 16:20:30,079-logger_msg.py-DEBUG-日志信息："%(asctime)s-%(filename)s-%(levelname)s-日志信息：%(message)s""
"2019-04-28 16:20:30,310-logger_msg.py-DEBUG-日志信息："%(asctime)s-%(filename)s-%(levelname)s-日志信息：%(message)s""
"2019-04-28 16:20:34,925-logger_msg.py-DEBUG-日志信息："%(asctime)s-%(filename)s-%(levelname)s-日志信息：%(message)s""
"2019-04-28 16:36:40,780-logger_msg.py-DEBUG-日志信息："%(asctime)s-%(filename)s-%(levelname)s-日志信息：%(message)s""
"2019-04-28 16:36:40,810-logger_msg.py-DEBUG-日志信息："%(asctime)s-%(filename)s-%(levelname)s-日志信息：%(message)s""
"2019-04-28 16:36:40,819-logger_msg.py-DEBUG-日志信息："%(asctime)s-%(filename)s-%(levelname)s-日志信息：%(message)s""
"2019-04-28 16:36:40,829-logger_msg.py-DEBUG-日志信息："%(asctime)s-%(filename)s-%(levelname)s-日志信息：%(message)s""
"2019-04-28 16:36:40,839-logger_msg.py-DEBUG-日志信息："%(asctime)s-%(filename)s-%(levelname)s-日志信息：%(message)s""
"2019-04-28 16:36:40,845-logger_msg.py-DEBUG-日志信息："%(asctime)s-%(filename)s-%(levelname)s-日志信息：%(message)s""
"2019-04-28 16:36:40,851-logger_msg.py-DEBUG-日志信息："%(asctime)s-%(filename)s-%(levelname)s-日志信息：%(message)s""
"2019-04-28 16:36:40,857-logger_msg.py-DEBUG-日志信息："%(asctime)s-%(filename)s-%(levelname)s-日志信息：%(message)s""
"2019-04-28 16:59:18,501-logger_msg.py-DEBUG-日志信息："%(asctime)s-%(filename)s-%(levelname)s-日志信息：%(message)s""
"2019-04-28 16:59:18,512-logger_msg.py-DEBUG-日志信息："%(asctime)s-%(filename)s-%(levelname)s-日志信息：%(message)s""
"2019-04-28 16:59:18,517-logger_msg.py-DEBUG-日志信息："%(asctime)s-%(filename)s-%(levelname)s-日志信息：%(message)s""
"2019-04-28 16:59:18,523-logger_msg.py-DEBUG-日志信息："%(asctime)s-%(filename)s-%(levelname)s-日志信息：%(message)s""
"2019-04-28 16:59:18,529-logger_msg.py-DEBUG-日志信息："%(asctime)s-%(filename)s-%(levelname)s-日志信息：%(message)s""
"2019-04-28 16:59:18,535-logger_msg.py-DEBUG-日志信息："%(asctime)s-%(filename)s-%(levelname)s-日志信息：%(message)s""
"2019-04-28 16:59:18,542-logger_msg.py-DEBUG-日志信息："%(asctime)s-%(filename)s-%(levelname)s-日志信息：%(message)s""
"2019-04-28 16:59:18,547-logger_msg.py-DEBUG-日志信息："%(asctime)s-%(filename)s-%(levelname)s-日志信息：%(message)s""
"2019-04-28 16:59:24,079-logger_msg.py-DEBUG-日志信息："%(asctime)s-%(filename)s-%(levelname)s-日志信息：%(message)s""
"2019-04-28 16:59:24,098-logger_msg.py-DEBUG-日志信息："%(asctime)s-%(filename)s-%(levelname)s-日志信息：%(message)s""
"2019-04-28 16:59:24,108-logger_msg.py-DEBUG-日志信息："%(asctime)s-%(filename)s-%(levelname)s-日志信息：%(message)s""
"2019-04-28 16:59:24,117-logger_msg.py-DEBUG-日志信息："%(asctime)s-%(filename)s-%(levelname)s-日志信息：%(message)s""
"2019-04-28 16:59:24,126-logger_msg.py-DEBUG-日志信息："%(asctime)s-%(filename)s-%(levelname)s-日志信息：%(message)s""
"2019-04-28 16:59:24,133-logger_msg.py-DEBUG-日志信息："%(asctime)s-%(filename)s-%(levelname)s-日志信息：%(message)s""
"2019-04-28 16:59:24,140-logger_msg.py-DEBUG-日志信息："%(asctime)s-%(filename)s-%(levelname)s-日志信息：%(message)s""
"2019-04-28 16:59:24,146-logger_msg.py-DEBUG-日志信息："%(asctime)s-%(filename)s-%(levelname)s-日志信息：%(message)s""
"2019-04-28 17:05:20,050-test_case.py-INFO-日志信息：data:{"mobilephone": "18668208223", "pwd": "123456"}"
"2019-04-28 17:05:20,050-test_case.py-DEBUG-日志信息：------正在执行登录的测试用例------"
"2019-04-28 17:05:20,301-test_case.py-INFO-日志信息：预期结果是：登录成功"
"2019-04-28 17:05:20,302-test_case.py-INFO-日志信息：实际结果是：登录成功"
"2019-04-28 17:05:20,357-test_case.py-INFO-日志信息：用户ID：1610"
"2019-04-28 17:05:20,357-test_case.py-INFO-日志信息：memer_id是否存入进去了：True"
"2019-04-28 17:05:20,364-test_case.py-INFO-日志信息：data:{"mobilephone": "18668208223", "amount": "100"}"
"2019-04-28 17:05:20,364-test_case.py-INFO-日志信息：data:{"mobilephone": "18668208223", "amount": "100"}"
"2019-04-28 17:05:20,364-test_case.py-DEBUG-日志信息：------正在执行正常充值的测试用例------"
"2019-04-28 17:05:20,364-test_case.py-DEBUG-日志信息：------正在执行正常充值的测试用例------"
"2019-04-28 17:05:20,420-test_case.py-DEBUG-日志信息：充值前的金额是：-23900.00"
"2019-04-28 17:05:20,420-test_case.py-DEBUG-日志信息：充值前的金额是：-23900.00"
"2019-04-28 17:05:20,721-test_case.py-INFO-日志信息：预期结果是：充值成功"
"2019-04-28 17:05:20,721-test_case.py-INFO-日志信息：预期结果是：充值成功"
"2019-04-28 17:05:20,721-test_case.py-INFO-日志信息：实际结果是：充值成功"
"2019-04-28 17:05:20,721-test_case.py-INFO-日志信息：实际结果是：充值成功"
"2019-04-28 17:05:20,776-test_case.py-DEBUG-日志信息：充值之后的金额是：-23800.00"
"2019-04-28 17:05:20,776-test_case.py-DEBUG-日志信息：充值之后的金额是：-23800.00"
"2019-04-28 17:05:20,781-test_case.py-INFO-日志信息：data:{"mobilephone": "18668208115", "amount": "102"}"
"2019-04-28 17:05:20,781-test_case.py-INFO-日志信息：data:{"mobilephone": "18668208115", "amount": "102"}"
"2019-04-28 17:05:20,781-test_case.py-INFO-日志信息：data:{"mobilephone": "18668208115", "amount": "102"}"
"2019-04-28 17:05:20,782-test_case.py-DEBUG-日志信息：------正在执行此手机号对应的会员不存在的测试用例------"
"2019-04-28 17:05:20,782-test_case.py-DEBUG-日志信息：------正在执行此手机号对应的会员不存在的测试用例------"
"2019-04-28 17:05:20,782-test_case.py-DEBUG-日志信息：------正在执行此手机号对应的会员不存在的测试用例------"
"2019-04-28 17:05:21,019-test_case.py-INFO-日志信息：预期结果是：此手机号对应的会员不存在"
"2019-04-28 17:05:21,019-test_case.py-INFO-日志信息：预期结果是：此手机号对应的会员不存在"
"2019-04-28 17:05:21,019-test_case.py-INFO-日志信息：预期结果是：此手机号对应的会员不存在"
"2019-04-28 17:05:21,019-test_case.py-INFO-日志信息：实际结果是：此手机号对应的会员不存在"
"2019-04-28 17:05:21,019-test_case.py-INFO-日志信息：实际结果是：此手机号对应的会员不存在"
"2019-04-28 17:05:21,019-test_case.py-INFO-日志信息：实际结果是：此手机号对应的会员不存在"
"2019-04-28 17:05:21,023-test_case.py-INFO-日志信息：data:{"mobilephone": "186682081154", "amount": "103"}"
"2019-04-28 17:05:21,023-test_case.py-INFO-日志信息：data:{"mobilephone": "186682081154", "amount": "103"}"
"2019-04-28 17:05:21,023-test_case.py-INFO-日志信息：data:{"mobilephone": "186682081154", "amount": "103"}"
"2019-04-28 17:05:21,023-test_case.py-INFO-日志信息：data:{"mobilephone": "186682081154", "amount": "103"}"
"2019-04-28 17:05:21,025-test_case.py-DEBUG-日志信息：------正在执行手机格式不正确的测试用例------"
"2019-04-28 17:05:21,025-test_case.py-DEBUG-日志信息：------正在执行手机格式不正确的测试用例------"
"2019-04-28 17:05:21,025-test_case.py-DEBUG-日志信息：------正在执行手机格式不正确的测试用例------"
"2019-04-28 17:05:21,025-test_case.py-DEBUG-日志信息：------正在执行手机格式不正确的测试用例------"
"2019-04-28 17:05:21,245-test_case.py-INFO-日志信息：预期结果是：手机号码格式不正确"
"2019-04-28 17:05:21,245-test_case.py-INFO-日志信息：预期结果是：手机号码格式不正确"
"2019-04-28 17:05:21,245-test_case.py-INFO-日志信息：预期结果是：手机号码格式不正确"
"2019-04-28 17:05:21,245-test_case.py-INFO-日志信息：预期结果是：手机号码格式不正确"
"2019-04-28 17:05:21,246-test_case.py-INFO-日志信息：实际结果是：手机号码格式不正确"
"2019-04-28 17:05:21,246-test_case.py-INFO-日志信息：实际结果是：手机号码格式不正确"
"2019-04-28 17:05:21,246-test_case.py-INFO-日志信息：实际结果是：手机号码格式不正确"
"2019-04-28 17:05:21,246-test_case.py-INFO-日志信息：实际结果是：手机号码格式不正确"
"2019-04-28 17:05:21,251-test_case.py-INFO-日志信息：data:{"mobilephone": "18668208223", "amount": "10.123"}"
"2019-04-28 17:05:21,251-test_case.py-INFO-日志信息：data:{"mobilephone": "18668208223", "amount": "10.123"}"
"2019-04-28 17:05:21,251-test_case.py-INFO-日志信息：data:{"mobilephone": "18668208223", "amount": "10.123"}"
"2019-04-28 17:05:21,251-test_case.py-INFO-日志信息：data:{"mobilephone": "18668208223", "amount": "10.123"}"
"2019-04-28 17:05:21,251-test_case.py-INFO-日志信息：data:{"mobilephone": "18668208223", "amount": "10.123"}"
"2019-04-28 17:05:21,252-test_case.py-DEBUG-日志信息：------正在执行输入金额的金额小数不能超过两位的测试用例------"
"2019-04-28 17:05:21,252-test_case.py-DEBUG-日志信息：------正在执行输入金额的金额小数不能超过两位的测试用例------"
"2019-04-28 17:05:21,252-test_case.py-DEBUG-日志信息：------正在执行输入金额的金额小数不能超过两位的测试用例------"
"2019-04-28 17:05:21,252-test_case.py-DEBUG-日志信息：------正在执行输入金额的金额小数不能超过两位的测试用例------"
"2019-04-28 17:05:21,252-test_case.py-DEBUG-日志信息：------正在执行输入金额的金额小数不能超过两位的测试用例------"
"2019-04-28 17:05:21,478-test_case.py-INFO-日志信息：预期结果是：输入金额的金额小数不能超过两位"
"2019-04-28 17:05:21,478-test_case.py-INFO-日志信息：预期结果是：输入金额的金额小数不能超过两位"
"2019-04-28 17:05:21,478-test_case.py-INFO-日志信息：预期结果是：输入金额的金额小数不能超过两位"
"2019-04-28 17:05:21,478-test_case.py-INFO-日志信息：预期结果是：输入金额的金额小数不能超过两位"
"2019-04-28 17:05:21,478-test_case.py-INFO-日志信息：预期结果是：输入金额的金额小数不能超过两位"
"2019-04-28 17:05:21,479-test_case.py-INFO-日志信息：实际结果是：输入金额的金额小数不能超过两位"
"2019-04-28 17:05:21,479-test_case.py-INFO-日志信息：实际结果是：输入金额的金额小数不能超过两位"
"2019-04-28 17:05:21,479-test_case.py-INFO-日志信息：实际结果是：输入金额的金额小数不能超过两位"
"2019-04-28 17:05:21,479-test_case.py-INFO-日志信息：实际结果是：输入金额的金额小数不能超过两位"
"2019-04-28 17:05:21,479-test_case.py-INFO-日志信息：实际结果是：输入金额的金额小数不能超过两位"
"2019-04-28 17:05:21,484-test_case.py-INFO-日志信息：data:{"mobilephone": "18668208223", "amount": "510000"}"
"2019-04-28 17:05:21,484-test_case.py-INFO-日志信息：data:{"mobilephone": "18668208223", "amount": "510000"}"
"2019-04-28 17:05:21,484-test_case.py-INFO-日志信息：data:{"mobilephone": "18668208223", "amount": "510000"}"
"2019-04-28 17:05:21,484-test_case.py-INFO-日志信息：data:{"mobilephone": "18668208223", "amount": "510000"}"
"2019-04-28 17:05:21,484-test_case.py-INFO-日志信息：data:{"mobilephone": "18668208223", "amount": "510000"}"
"2019-04-28 17:05:21,484-test_case.py-INFO-日志信息：data:{"mobilephone": "18668208223", "amount": "510000"}"
"2019-04-28 17:05:21,485-test_case.py-DEBUG-日志信息：------正在执行范围在0到50万之间的正数的测试用例------"
"2019-04-28 17:05:21,485-test_case.py-DEBUG-日志信息：------正在执行范围在0到50万之间的正数的测试用例------"
"2019-04-28 17:05:21,485-test_case.py-DEBUG-日志信息：------正在执行范围在0到50万之间的正数的测试用例------"
"2019-04-28 17:05:21,485-test_case.py-DEBUG-日志信息：------正在执行范围在0到50万之间的正数的测试用例------"
"2019-04-28 17:05:21,485-test_case.py-DEBUG-日志信息：------正在执行范围在0到50万之间的正数的测试用例------"
"2019-04-28 17:05:21,485-test_case.py-DEBUG-日志信息：------正在执行范围在0到50万之间的正数的测试用例------"
"2019-04-28 17:05:21,723-test_case.py-INFO-日志信息：预期结果是：请输入范围在0到50万之间的正数金额"
"2019-04-28 17:05:21,723-test_case.py-INFO-日志信息：预期结果是：请输入范围在0到50万之间的正数金额"
"2019-04-28 17:05:21,723-test_case.py-INFO-日志信息：预期结果是：请输入范围在0到50万之间的正数金额"
"2019-04-28 17:05:21,723-test_case.py-INFO-日志信息：预期结果是：请输入范围在0到50万之间的正数金额"
"2019-04-28 17:05:21,723-test_case.py-INFO-日志信息：预期结果是：请输入范围在0到50万之间的正数金额"
"2019-04-28 17:05:21,723-test_case.py-INFO-日志信息：预期结果是：请输入范围在0到50万之间的正数金额"
"2019-04-28 17:05:21,724-test_case.py-INFO-日志信息：实际结果是：请输入范围在0到50万之间的正数金额"
"2019-04-28 17:05:21,724-test_case.py-INFO-日志信息：实际结果是：请输入范围在0到50万之间的正数金额"
"2019-04-28 17:05:21,724-test_case.py-INFO-日志信息：实际结果是：请输入范围在0到50万之间的正数金额"
"2019-04-28 17:05:21,724-test_case.py-INFO-日志信息：实际结果是：请输入范围在0到50万之间的正数金额"
"2019-04-28 17:05:21,724-test_case.py-INFO-日志信息：实际结果是：请输入范围在0到50万之间的正数金额"
"2019-04-28 17:05:21,724-test_case.py-INFO-日志信息：实际结果是：请输入范围在0到50万之间的正数金额"
"2019-04-28 17:05:21,733-test_case.py-INFO-日志信息：data:{"mobilephone": "18668208223", "amount": "!@#$%^&*"}"
"2019-04-28 17:05:21,733-test_case.py-INFO-日志信息：data:{"mobilephone": "18668208223", "amount": "!@#$%^&*"}"
"2019-04-28 17:05:21,733-test_case.py-INFO-日志信息：data:{"mobilephone": "18668208223", "amount": "!@#$%^&*"}"
"2019-04-28 17:05:21,733-test_case.py-INFO-日志信息：data:{"mobilephone": "18668208223", "amount": "!@#$%^&*"}"
"2019-04-28 17:05:21,733-test_case.py-INFO-日志信息：data:{"mobilephone": "18668208223", "amount": "!@#$%^&*"}"
"2019-04-28 17:05:21,733-test_case.py-INFO-日志信息：data:{"mobilephone": "18668208223", "amount": "!@#$%^&*"}"
"2019-04-28 17:05:21,733-test_case.py-INFO-日志信息：data:{"mobilephone": "18668208223", "amount": "!@#$%^&*"}"
"2019-04-28 17:05:21,734-test_case.py-DEBUG-日志信息：------正在执行输入无效字符的测试用例------"
"2019-04-28 17:05:21,734-test_case.py-DEBUG-日志信息：------正在执行输入无效字符的测试用例------"
"2019-04-28 17:05:21,734-test_case.py-DEBUG-日志信息：------正在执行输入无效字符的测试用例------"
"2019-04-28 17:05:21,734-test_case.py-DEBUG-日志信息：------正在执行输入无效字符的测试用例------"
"2019-04-28 17:05:21,734-test_case.py-DEBUG-日志信息：------正在执行输入无效字符的测试用例------"
"2019-04-28 17:05:21,734-test_case.py-DEBUG-日志信息：------正在执行输入无效字符的测试用例------"
"2019-04-28 17:05:21,734-test_case.py-DEBUG-日志信息：------正在执行输入无效字符的测试用例------"
"2019-04-28 17:05:21,967-test_case.py-INFO-日志信息：预期结果是：请输入数字"
"2019-04-28 17:05:21,967-test_case.py-INFO-日志信息：预期结果是：请输入数字"
"2019-04-28 17:05:21,967-test_case.py-INFO-日志信息：预期结果是：请输入数字"
"2019-04-28 17:05:21,967-test_case.py-INFO-日志信息：预期结果是：请输入数字"
"2019-04-28 17:05:21,967-test_case.py-INFO-日志信息：预期结果是：请输入数字"
"2019-04-28 17:05:21,967-test_case.py-INFO-日志信息：预期结果是：请输入数字"
"2019-04-28 17:05:21,967-test_case.py-INFO-日志信息：预期结果是：请输入数字"
"2019-04-28 17:05:21,968-test_case.py-INFO-日志信息：实际结果是：请输入数字"
"2019-04-28 17:05:21,968-test_case.py-INFO-日志信息：实际结果是：请输入数字"
"2019-04-28 17:05:21,968-test_case.py-INFO-日志信息：实际结果是：请输入数字"
"2019-04-28 17:05:21,968-test_case.py-INFO-日志信息：实际结果是：请输入数字"
"2019-04-28 17:05:21,968-test_case.py-INFO-日志信息：实际结果是：请输入数字"
"2019-04-28 17:05:21,968-test_case.py-INFO-日志信息：实际结果是：请输入数字"
"2019-04-28 17:05:21,968-test_case.py-INFO-日志信息：实际结果是：请输入数字"
"2019-04-28 17:05:21,975-test_case.py-INFO-日志信息：data:{"mobilephone": "18668208223", "amount": ""}"
"2019-04-28 17:05:21,975-test_case.py-INFO-日志信息：data:{"mobilephone": "18668208223", "amount": ""}"
"2019-04-28 17:05:21,975-test_case.py-INFO-日志信息：data:{"mobilephone": "18668208223", "amount": ""}"
"2019-04-28 17:05:21,975-test_case.py-INFO-日志信息：data:{"mobilephone": "18668208223", "amount": ""}"
"2019-04-28 17:05:21,975-test_case.py-INFO-日志信息：data:{"mobilephone": "18668208223", "amount": ""}"
"2019-04-28 17:05:21,975-test_case.py-INFO-日志信息：data:{"mobilephone": "18668208223", "amount": ""}"
"2019-04-28 17:05:21,975-test_case.py-INFO-日志信息：data:{"mobilephone": "18668208223", "amount": ""}"
"2019-04-28 17:05:21,975-test_case.py-INFO-日志信息：data:{"mobilephone": "18668208223", "amount": ""}"
"2019-04-28 17:05:21,977-test_case.py-DEBUG-日志信息：------正在执行请输入金额的测试用例------"
"2019-04-28 17:05:21,977-test_case.py-DEBUG-日志信息：------正在执行请输入金额的测试用例------"
"2019-04-28 17:05:21,977-test_case.py-DEBUG-日志信息：------正在执行请输入金额的测试用例------"
"2019-04-28 17:05:21,977-test_case.py-DEBUG-日志信息：------正在执行请输入金额的测试用例------"
"2019-04-28 17:05:21,977-test_case.py-DEBUG-日志信息：------正在执行请输入金额的测试用例------"
"2019-04-28 17:05:21,977-test_case.py-DEBUG-日志信息：------正在执行请输入金额的测试用例------"
"2019-04-28 17:05:21,977-test_case.py-DEBUG-日志信息：------正在执行请输入金额的测试用例------"
"2019-04-28 17:05:21,977-test_case.py-DEBUG-日志信息：------正在执行请输入金额的测试用例------"
"2019-04-28 17:05:22,222-test_case.py-INFO-日志信息：预期结果是：请输入金额"
"2019-04-28 17:05:22,222-test_case.py-INFO-日志信息：预期结果是：请输入金额"
"2019-04-28 17:05:22,222-test_case.py-INFO-日志信息：预期结果是：请输入金额"
"2019-04-28 17:05:22,222-test_case.py-INFO-日志信息：预期结果是：请输入金额"
"2019-04-28 17:05:22,222-test_case.py-INFO-日志信息：预期结果是：请输入金额"
"2019-04-28 17:05:22,222-test_case.py-INFO-日志信息：预期结果是：请输入金额"
"2019-04-28 17:05:22,222-test_case.py-INFO-日志信息：预期结果是：请输入金额"
"2019-04-28 17:05:22,222-test_case.py-INFO-日志信息：预期结果是：请输入金额"
"2019-04-28 17:05:22,224-test_case.py-INFO-日志信息：实际结果是：请输入金额"
"2019-04-28 17:05:22,224-test_case.py-INFO-日志信息：实际结果是：请输入金额"
"2019-04-28 17:05:22,224-test_case.py-INFO-日志信息：实际结果是：请输入金额"
"2019-04-28 17:05:22,224-test_case.py-INFO-日志信息：实际结果是：请输入金额"
"2019-04-28 17:05:22,224-test_case.py-INFO-日志信息：实际结果是：请输入金额"
"2019-04-28 17:05:22,224-test_case.py-INFO-日志信息：实际结果是：请输入金额"
"2019-04-28 17:05:22,224-test_case.py-INFO-日志信息：实际结果是：请输入金额"
"2019-04-28 17:05:22,224-test_case.py-INFO-日志信息：实际结果是：请输入金额"
"2019-04-28 23:54:45,027-test_case.py-INFO-日志信息：data:{"mobilephone": "18668208223", "pwd": "123456"}"
"2019-04-28 23:54:45,047-test_case.py-DEBUG-日志信息：------正在执行登录的测试用例------"
"2019-04-28 23:54:45,568-test_case.py-INFO-日志信息：预期结果是：登录成功"
"2019-04-28 23:54:45,568-test_case.py-INFO-日志信息：实际结果是：登录成功"
"2019-04-28 23:54:45,750-test_case.py-INFO-日志信息：用户ID：1610"
"2019-04-28 23:54:45,751-test_case.py-INFO-日志信息：memer_id是否存入进去了：True"
"2019-04-28 23:54:45,764-test_case.py-INFO-日志信息：data:{"mobilephone": "18668208223", "amount": "100"}"
"2019-04-28 23:54:45,764-test_case.py-DEBUG-日志信息：------正在执行正常充值的测试用例------"
"2019-04-28 23:54:45,944-test_case.py-DEBUG-日志信息：充值前的金额是：-22600.00"
"2019-04-28 23:54:46,382-test_case.py-INFO-日志信息：预期结果是：充值成功"
"2019-04-28 23:54:46,383-test_case.py-INFO-日志信息：实际结果是：充值成功"
"2019-04-28 23:54:46,571-test_case.py-DEBUG-日志信息：充值之后的金额是：-22500.00"
"2019-04-28 23:54:46,589-test_case.py-INFO-日志信息：data:{"mobilephone": "18668208115", "amount": "102"}"
"2019-04-28 23:54:46,590-test_case.py-DEBUG-日志信息：------正在执行此手机号对应的会员不存在的测试用例------"
"2019-04-28 23:54:47,076-test_case.py-INFO-日志信息：预期结果是：此手机号对应的会员不存在"
"2019-04-28 23:54:47,076-test_case.py-INFO-日志信息：实际结果是：此手机号对应的会员不存在"
"2019-04-28 23:54:47,077-test_case.py-INFO-日志信息：data:{"mobilephone": "186682081154", "amount": "103"}"
"2019-04-28 23:54:47,078-test_case.py-DEBUG-日志信息：------正在执行手机格式不正确的测试用例------"
"2019-04-28 23:54:47,643-test_case.py-INFO-日志信息：预期结果是：手机号码格式不正确"
"2019-04-28 23:54:47,644-test_case.py-INFO-日志信息：实际结果是：手机号码格式不正确"
"2019-04-28 23:54:47,646-test_case.py-INFO-日志信息：data:{"mobilephone": "18668208223", "amount": "10.123"}"
"2019-04-28 23:54:47,646-test_case.py-DEBUG-日志信息：------正在执行输入金额的金额小数不能超过两位的测试用例------"
"2019-04-28 23:54:48,096-test_case.py-INFO-日志信息：预期结果是：输入金额的金额小数不能超过两位"
"2019-04-28 23:54:48,097-test_case.py-INFO-日志信息：实际结果是：输入金额的金额小数不能超过两位"
"2019-04-28 23:54:48,099-test_case.py-INFO-日志信息：data:{"mobilephone": "18668208223", "amount": "510000"}"
"2019-04-28 23:54:48,099-test_case.py-DEBUG-日志信息：------正在执行范围在0到50万之间的正数的测试用例------"
"2019-04-28 23:54:48,542-test_case.py-INFO-日志信息：预期结果是：请输入范围在0到50万之间的正数金额"
"2019-04-28 23:54:48,543-test_case.py-INFO-日志信息：实际结果是：请输入范围在0到50万之间的正数金额"
"2019-04-28 23:54:48,545-test_case.py-INFO-日志信息：data:{"mobilephone": "18668208223", "amount": "!@#$%^&*"}"
"2019-04-28 23:54:48,545-test_case.py-DEBUG-日志信息：------正在执行输入无效字符的测试用例------"
"2019-04-28 23:54:48,988-test_case.py-INFO-日志信息：预期结果是：请输入数字"
"2019-04-28 23:54:48,988-test_case.py-INFO-日志信息：实际结果是：请输入数字"
"2019-04-28 23:54:48,992-test_case.py-INFO-日志信息：data:{"mobilephone": "18668208223", "amount": ""}"
"2019-04-28 23:54:48,992-test_case.py-DEBUG-日志信息：------正在执行请输入金额的测试用例------"
"2019-04-28 23:54:49,411-test_case.py-INFO-日志信息：预期结果是：请输入金额"
"2019-04-28 23:54:49,411-test_case.py-INFO-日志信息：实际结果是：请输入金额"
"2019-04-28 23:58:53,777-logger_msg.py-INFO-日志信息：测试一下"
"2019-04-29 00:06:51,561-test_case.py-INFO-日志信息：data:{"mobilephone": "18668208223", "pwd": "123456"}"
"2019-04-29 00:06:51,562-test_case.py-DEBUG-日志信息：------正在执行登录的测试用例------"
"2019-04-29 00:06:52,015-test_case.py-INFO-日志信息：预期结果是：登录成功"
"2019-04-29 00:06:52,015-test_case.py-INFO-日志信息：实际结果是：登录成功"
"2019-04-29 00:06:52,222-test_case.py-INFO-日志信息：用户ID：1610"
"2019-04-29 00:06:52,223-test_case.py-INFO-日志信息：memer_id是否存入进去了：True"
"2019-04-29 00:06:52,229-test_case.py-INFO-日志信息：data:{"mobilephone": "18668208223", "amount": "100"}"
"2019-04-29 00:06:52,230-test_case.py-DEBUG-日志信息：------正在执行正常充值的测试用例------"
"2019-04-29 00:06:52,428-test_case.py-DEBUG-日志信息：充值前的金额是：-22500.00"
"2019-04-29 00:06:52,909-test_case.py-INFO-日志信息：预期结果是：充值成功"
"2019-04-29 00:06:52,909-test_case.py-INFO-日志信息：实际结果是：充值成功"
"2019-04-29 00:06:53,103-test_case.py-DEBUG-日志信息：充值之后的金额是：-22400.00"
"2019-04-29 00:06:53,104-test_case.py-INFO-日志信息：data:{"mobilephone": "18668208115", "amount": "102"}"
"2019-04-29 00:06:53,105-test_case.py-DEBUG-日志信息：------正在执行此手机号对应的会员不存在的测试用例------"
"2019-04-29 00:06:53,651-test_case.py-INFO-日志信息：预期结果是：此手机号对应的会员不存在"
"2019-04-29 00:06:53,652-test_case.py-INFO-日志信息：实际结果是：此手机号对应的会员不存在"
"2019-04-29 00:06:53,653-test_case.py-INFO-日志信息：data:{"mobilephone": "186682081154", "amount": "103"}"
"2019-04-29 00:06:53,654-test_case.py-DEBUG-日志信息：------正在执行手机格式不正确的测试用例------"
"2019-04-29 00:06:54,150-test_case.py-INFO-日志信息：预期结果是：手机号码格式不正确"
"2019-04-29 00:06:54,150-test_case.py-INFO-日志信息：实际结果是：手机号码格式不正确"
"2019-04-29 00:06:54,153-test_case.py-INFO-日志信息：data:{"mobilephone": "18668208223", "amount": "10.123"}"
"2019-04-29 00:06:54,154-test_case.py-DEBUG-日志信息：------正在执行输入金额的金额小数不能超过两位的测试用例------"
"2019-04-29 00:06:54,634-test_case.py-INFO-日志信息：预期结果是：输入金额的金额小数不能超过两位"
"2019-04-29 00:06:54,634-test_case.py-INFO-日志信息：实际结果是：输入金额的金额小数不能超过两位"
"2019-04-29 00:06:54,638-test_case.py-INFO-日志信息：data:{"mobilephone": "18668208223", "amount": "510000"}"
"2019-04-29 00:06:54,639-test_case.py-DEBUG-日志信息：------正在执行范围在0到50万之间的正数的测试用例------"
"2019-04-29 00:06:55,092-test_case.py-INFO-日志信息：预期结果是：请输入范围在0到50万之间的正数金额"
"2019-04-29 00:06:55,092-test_case.py-INFO-日志信息：实际结果是：请输入范围在0到50万之间的正数金额"
"2019-04-29 00:06:55,094-test_case.py-INFO-日志信息：data:{"mobilephone": "18668208223", "amount": "!@#$%^&*"}"
"2019-04-29 00:06:55,095-test_case.py-DEBUG-日志信息：------正在执行输入无效字符的测试用例------"
"2019-04-29 00:06:56,715-test_case.py-INFO-日志信息：预期结果是：请输入数字"
"2019-04-29 00:06:56,715-test_case.py-INFO-日志信息：实际结果是：请输入数字"
"2019-04-29 00:06:56,718-test_case.py-INFO-日志信息：data:{"mobilephone": "18668208223", "amount": ""}"
"2019-04-29 00:06:56,718-test_case.py-DEBUG-日志信息：------正在执行请输入金额的测试用例------"
"2019-04-29 00:06:57,147-test_case.py-INFO-日志信息：预期结果是：请输入金额"
"2019-04-29 00:06:57,148-test_case.py-INFO-日志信息：实际结果是：请输入金额"
"2019-04-29 00:09:16,896-test_case.py-INFO-日志信息：data:{"mobilephone": "18668208223", "pwd": "123456"}"
"2019-04-29 00:09:16,897-test_case.py-DEBUG-日志信息：------正在执行登录的测试用例------"
"2019-04-29 00:09:17,298-test_case.py-INFO-日志信息：预期结果是：登录成功"
"2019-04-29 00:09:17,298-test_case.py-INFO-日志信息：实际结果是：登录成功"
"2019-04-29 00:09:17,525-test_case.py-INFO-日志信息：用户ID：1610"
"2019-04-29 00:09:17,526-test_case.py-INFO-日志信息：memer_id是否存入进去了：True"
"2019-04-29 00:09:17,532-test_case.py-INFO-日志信息：data:{"mobilephone": "18668208223", "amount": "100"}"
"2019-04-29 00:09:17,532-test_case.py-DEBUG-日志信息：------正在执行正常充值的测试用例------"
"2019-04-29 00:09:17,735-test_case.py-DEBUG-日志信息：充值前的金额是：-22400.00"
"2019-04-29 00:09:18,256-test_case.py-INFO-日志信息：预期结果是：充值成功"
"2019-04-29 00:09:18,256-test_case.py-INFO-日志信息：实际结果是：充值成功"
"2019-04-29 00:09:18,455-test_case.py-DEBUG-日志信息：充值之后的金额是：-22300.00"
"2019-04-29 00:09:18,455-test_case.py-INFO-日志信息：data:{"mobilephone": "18668208115", "amount": "102"}"
"2019-04-29 00:09:18,456-test_case.py-DEBUG-日志信息：------正在执行此手机号对应的会员不存在的测试用例------"
"2019-04-29 00:09:18,993-test_case.py-INFO-日志信息：预期结果是：此手机号对应的会员不存在"
"2019-04-29 00:09:18,993-test_case.py-INFO-日志信息：实际结果是：此手机号对应的会员不存在"
"2019-04-29 00:09:18,994-test_case.py-INFO-日志信息：data:{"mobilephone": "186682081154", "amount": "103"}"
"2019-04-29 00:09:18,994-test_case.py-DEBUG-日志信息：------正在执行手机格式不正确的测试用例------"
"2019-04-29 00:09:19,469-test_case.py-INFO-日志信息：预期结果是：手机号码格式不正确"
"2019-04-29 00:09:19,470-test_case.py-INFO-日志信息：实际结果是：手机号码格式不正确"
"2019-04-29 00:09:19,472-test_case.py-INFO-日志信息：data:{"mobilephone": "18668208223", "amount": "10.123"}"
"2019-04-29 00:09:19,472-test_case.py-DEBUG-日志信息：------正在执行输入金额的金额小数不能超过两位的测试用例------"
"2019-04-29 00:09:19,941-test_case.py-INFO-日志信息：预期结果是：输入金额的金额小数不能超过两位"
"2019-04-29 00:09:19,942-test_case.py-INFO-日志信息：实际结果是：输入金额的金额小数不能超过两位"
"2019-04-29 00:09:19,944-test_case.py-INFO-日志信息：data:{"mobilephone": "18668208223", "amount": "510000"}"
"2019-04-29 00:09:19,945-test_case.py-DEBUG-日志信息：------正在执行范围在0到50万之间的正数的测试用例------"
"2019-04-29 00:09:20,422-test_case.py-INFO-日志信息：预期结果是：请输入范围在0到50万之间的正数金额"
"2019-04-29 00:09:20,422-test_case.py-INFO-日志信息：实际结果是：请输入范围在0到50万之间的正数金额"
"2019-04-29 00:09:20,424-test_case.py-INFO-日志信息：data:{"mobilephone": "18668208223", "amount": "!@#$%^&*"}"
"2019-04-29 00:09:20,425-test_case.py-DEBUG-日志信息：------正在执行输入无效字符的测试用例------"
"2019-04-29 00:09:20,836-test_case.py-INFO-日志信息：预期结果是：请输入数字"
"2019-04-29 00:09:20,836-test_case.py-INFO-日志信息：实际结果是：请输入数字"
"2019-04-29 00:09:20,839-test_case.py-INFO-日志信息：data:{"mobilephone": "18668208223", "amount": ""}"
"2019-04-29 00:09:20,839-test_case.py-DEBUG-日志信息：------正在执行请输入金额的测试用例------"
"2019-04-29 00:09:21,300-test_case.py-INFO-日志信息：预期结果是：请输入金额"
"2019-04-29 00:09:21,300-test_case.py-INFO-日志信息：实际结果是：请输入金额"
