2019-03-21 11:48:24,715-class_0320.py-DEBUG-日志信息：debug message
2019-03-21 11:48:24,715-class_0320.py-INFO-日志信息：info message
2019-03-21 11:48:24,715-class_0320.py-WARNING-日志信息：warning message
2019-03-21 11:48:24,715-class_0320.py-ERROR-日志信息：error message
2019-03-21 11:48:24,715-class_0320.py-CRITICAL-日志信息：critical message
2019-03-21 11:56:55,627-class_0320.py-DEBUG-日志信息：debug message
2019-03-21 11:56:55,627-class_0320.py-INFO-日志信息：info message
2019-03-21 11:56:55,628-class_0320.py-WARNING-日志信息：warning message
2019-03-21 11:56:55,628-class_0320.py-ERROR-日志信息：error message
2019-03-21 11:56:55,628-class_0320.py-CRITICAL-日志信息：critical message
2019-03-21 14:08:26,345-class_0320.py-DEBUG-日志信息：debug message
2019-03-21 14:08:26,345-class_0320.py-INFO-日志信息：info message
2019-03-21 14:08:26,346-class_0320.py-WARNING-日志信息：warning message
2019-03-21 14:08:26,346-class_0320.py-ERROR-日志信息：error message
2019-03-21 14:08:26,346-class_0320.py-CRITICAL-日志信息：critical message
2019-03-22 14:43:54,059-class_0320.py-DEBUG-日志信息：debug message
2019-03-22 14:43:54,067-class_0320.py-INFO-日志信息：info message
2019-03-22 14:43:54,068-class_0320.py-WARNING-日志信息：warning message
2019-03-22 14:43:54,068-class_0320.py-ERROR-日志信息：error message
2019-03-22 14:43:54,068-class_0320.py-CRITICAL-日志信息：critical message
2019-03-22 14:44:52,397-class_0320.py-DEBUG-日志信息：debug message
2019-03-22 14:44:52,397-class_0320.py-INFO-日志信息：info message
2019-03-22 14:44:52,398-class_0320.py-WARNING-日志信息：warning message
2019-03-22 14:44:52,398-class_0320.py-ERROR-日志信息：error message
2019-03-22 14:44:52,398-class_0320.py-CRITICAL-日志信息：critical message
