2019-04-26 20:35:05,918 -  case - INFO - 测试开始啦 - [logger.py:37 ]
2019-04-26 20:35:05,918 -  case - ERROR - 测试报错 - [logger.py:38 ]
2019-04-26 20:35:05,918 -  case - INFO - 测试结束 - [logger.py:40 ]
2019-04-26 20:40:29,932 -  case - INFO - 测试开始啦 - [logger.py:37 ]
2019-04-26 20:40:29,932 -  case - ERROR - 测试报错 - [logger.py:38 ]
2019-04-26 20:40:29,933 -  case - INFO - 测试结束 - [logger.py:40 ]
2019-04-26 20:40:30,042 -  test_login - INFO - 准备测试前置 - [test_login.py:27 ]
2019-04-26 20:40:30,044 -  test_login - INFO - 开始测试：正常登录 - [test_login.py:32 ]
2019-04-26 20:40:30,220 -  test_login - INFO - 结束测试：正常登录 - [test_login.py:42 ]
2019-04-26 20:40:30,221 -  test_login - INFO - 开始测试：输入错误的密码 - [test_login.py:32 ]
2019-04-26 20:40:30,328 -  test_login - INFO - 结束测试：输入错误的密码 - [test_login.py:42 ]
2019-04-26 20:40:30,329 -  test_login - INFO - 开始测试：不输入密码 - [test_login.py:32 ]
2019-04-26 20:40:30,433 -  test_login - INFO - 结束测试：不输入密码 - [test_login.py:42 ]
2019-04-26 20:40:30,433 -  test_login - INFO - 开始测试：不输入手机号码 - [test_login.py:32 ]
2019-04-26 20:40:30,555 -  test_login - INFO - 结束测试：不输入手机号码 - [test_login.py:42 ]
2019-04-26 20:40:30,556 -  test_login - INFO - 测试后置处理 - [test_login.py:46 ]
2019-04-26 20:49:31,994 -  case - INFO - 测试开始啦 - [logger.py:37 ]
2019-04-26 20:49:31,994 -  case - ERROR - 测试报错 - [logger.py:38 ]
2019-04-26 20:49:31,994 -  case - INFO - 测试结束 - [logger.py:40 ]
2019-04-26 20:49:36,621 -  API_8.testcases.test_login - INFO - 准备测试前置 - [test_login.py:27 ]
2019-04-26 20:49:36,621 -  API_8.testcases.test_login - INFO - 开始测试：正常登录 - [test_login.py:32 ]
2019-04-26 20:49:36,745 -  API_8.testcases.test_login - INFO - 结束测试：正常登录 - [test_login.py:42 ]
2019-04-26 20:49:36,745 -  API_8.testcases.test_login - INFO - 开始测试：输入错误的密码 - [test_login.py:32 ]
2019-04-26 20:49:36,838 -  API_8.testcases.test_login - INFO - 结束测试：输入错误的密码 - [test_login.py:42 ]
2019-04-26 20:49:36,838 -  API_8.testcases.test_login - INFO - 开始测试：不输入密码 - [test_login.py:32 ]
2019-04-26 20:49:36,938 -  API_8.testcases.test_login - INFO - 结束测试：不输入密码 - [test_login.py:42 ]
2019-04-26 20:49:36,939 -  API_8.testcases.test_login - INFO - 开始测试：不输入手机号码 - [test_login.py:32 ]
2019-04-26 20:49:37,041 -  API_8.testcases.test_login - INFO - 结束测试：不输入手机号码 - [test_login.py:42 ]
2019-04-26 20:49:37,041 -  API_8.testcases.test_login - INFO - 测试后置处理 - [test_login.py:46 ]
2019-04-26 20:55:13,963 -  case - INFO - 测试开始啦 - [logger.py:37 ]
2019-04-26 20:55:13,963 -  case - ERROR - 测试报错 - [logger.py:38 ]
2019-04-26 20:55:13,963 -  case - INFO - 测试结束 - [logger.py:40 ]
2019-04-26 20:55:19,320 -  test_login - INFO - 准备测试前置 - [test_login.py:27 ]
2019-04-26 20:55:19,320 -  test_login - INFO - 开始测试：正常登录 - [test_login.py:32 ]
2019-04-26 20:55:19,441 -  test_login - INFO - 结束测试：正常登录 - [test_login.py:42 ]
2019-04-26 20:55:19,442 -  test_login - INFO - 开始测试：输入错误的密码 - [test_login.py:32 ]
2019-04-26 20:55:19,565 -  test_login - INFO - 结束测试：输入错误的密码 - [test_login.py:42 ]
2019-04-26 20:55:19,566 -  test_login - INFO - 开始测试：不输入密码 - [test_login.py:32 ]
2019-04-26 20:55:19,714 -  test_login - INFO - 结束测试：不输入密码 - [test_login.py:42 ]
2019-04-26 20:55:19,715 -  test_login - INFO - 开始测试：不输入手机号码 - [test_login.py:32 ]
2019-04-26 20:55:19,826 -  test_login - INFO - 结束测试：不输入手机号码 - [test_login.py:42 ]
2019-04-26 20:55:19,826 -  test_login - INFO - 测试后置处理 - [test_login.py:46 ]
2019-04-26 20:57:14,465 -  case - INFO - 测试开始啦 - [logger.py:37 ]
2019-04-26 20:57:14,465 -  case - ERROR - 测试报错 - [logger.py:38 ]
2019-04-26 20:57:14,465 -  case - INFO - 测试结束 - [logger.py:40 ]
2019-04-26 20:57:19,661 -  test_login - INFO - 准备测试前置 - [test_login.py:27 ]
2019-04-26 20:57:19,662 -  test_login - INFO - 开始测试：正常登录 - [test_login.py:32 ]
2019-04-26 20:57:19,780 -  test_login - INFO - 结束测试：正常登录 - [test_login.py:42 ]
2019-04-26 20:57:19,780 -  test_login - INFO - 开始测试：输入错误的密码 - [test_login.py:32 ]
2019-04-26 20:57:19,908 -  test_login - INFO - 结束测试：输入错误的密码 - [test_login.py:42 ]
2019-04-26 20:57:19,908 -  test_login - INFO - 开始测试：不输入密码 - [test_login.py:32 ]
2019-04-26 20:57:20,025 -  test_login - INFO - 结束测试：不输入密码 - [test_login.py:42 ]
2019-04-26 20:57:20,025 -  test_login - INFO - 开始测试：不输入手机号码 - [test_login.py:32 ]
2019-04-26 20:57:20,126 -  test_login - INFO - 结束测试：不输入手机号码 - [test_login.py:42 ]
2019-04-26 20:57:20,126 -  test_login - INFO - 测试后置处理 - [test_login.py:46 ]
2019-04-28 14:53:12,047 -  case - INFO - 测试开始啦 - [logger.py:37 ]
2019-04-28 14:53:12,047 -  case - ERROR - 测试报错 - [logger.py:38 ]
2019-04-28 14:53:12,047 -  case - INFO - 测试结束 - [logger.py:40 ]
2019-04-28 14:53:12,089 -  test_login - INFO - 准备测试前置 - [test_login.py:27 ]
2019-04-28 14:53:12,092 -  test_login - INFO - 开始测试：正常登录 - [test_login.py:32 ]
2019-04-28 14:53:12,227 -  test_login - INFO - 结束测试：正常登录 - [test_login.py:42 ]
2019-04-28 14:53:12,228 -  test_login - INFO - 开始测试：输入错误的密码 - [test_login.py:32 ]
2019-04-28 14:53:12,313 -  test_login - INFO - 结束测试：输入错误的密码 - [test_login.py:42 ]
2019-04-28 14:53:12,314 -  test_login - INFO - 开始测试：不输入密码 - [test_login.py:32 ]
2019-04-28 14:53:12,398 -  test_login - INFO - 结束测试：不输入密码 - [test_login.py:42 ]
2019-04-28 14:53:12,398 -  test_login - INFO - 开始测试：不输入手机号码 - [test_login.py:32 ]
2019-04-28 14:53:12,482 -  test_login - INFO - 结束测试：不输入手机号码 - [test_login.py:42 ]
2019-04-28 14:53:12,482 -  test_login - INFO - 测试后置处理 - [test_login.py:46 ]
